
ROM used: 3924 (48%)
          3924 (48%) including unused fragments

          3 Average locations per line
          7 Average locations per statement

RAM used: 114 (31%) at main() level
          151 (41%) worst case

Stack used: 3 worst case (out of 8 total available)

Lines Stmts  %   Files
----- ----- ---  -----
  512   445  78  main.c
   18     0   0  main.h
  326     0   0  C:\Program Files\PICC\devices\16F877A.h
  276     0   0  PIC16F877A_CCS_C.H
   42     0   0  pic16f877a_function.h
  162   105  18  pic16f877a_function.c
   32    24   4  ..\..\CCSC library\system.c
    9     0   0  ..\..\CCSC library\system.h
----- -----
 1377   574 Total

Page ROM  %  RAM   Vol Diff  Functions:
---- --- --- ---   --- ----  ----------
0     26   1   1             @delay_ms1
0     27   1   0   461  1.9  init
0     21   1   0   303  1.9  ADC_init
0     12   0   0   136  1.8  Timer1_Init
0     10   0   0   123  1.7  CCP_Init
0    150   4   6   927  8.2  select_task
0     39   1   2     5  1.0  @MUL88
0      1   0   0     5  1.0  Call_Task_OS_Temp
0     15   0   0    38  1.4  @const321
0     19   0   0   104  3.3  Timer0_interrupt
0      8   0   0    38  1.4  AD_interrupt
0      5   0   0    22  1.2  Timer2
1   1833  47   4 16196 11.6  MAIN
0     39   1   5             @DIV1616
1      9   0   0             @goto10346
0     31   1   2             @ITOF
0    204   5  14             @DIVFF
0    119   3  13             @MULFF
0     33   1   4             @SFTOI
1      8   0   0             @goto10469
1      8   0   0             @goto10549
1      9   0   0             @goto10649
1      9   0   0   104  3.2  @goto10733
0     10   0   0   104  3.2  Call_Task_Led
0     61   2   0  1082  5.8  Call_Task_7seg
0     74   2   3  1687  5.9  Call_Task_Button
0    171   4   4   753  8.0  Call_Task_Get_Speed
0    479  12  18  1166  9.6  Put_Duty
0    326   8  16             @ADDFF
0     65   2  10   283  7.5  @FLT
0     38   1   2   283  7.5  ADC_Read

Program metrics:
    Functions               20
    Statements              574
    Comments                505
    Volume (V)              31426
    Difficilty (D)          89.7
    Effort to implement (E) 2817428
    Time to implement (T)   43 hours, 29 minutes
    Est Delivered Bugs (B)  7
    Cyclomatic Complexity   104
    Maintainability (MI)    127

 Segment     Used  Free
-----------  ----  ----
00000-00003     4  0  
00004-00040    61  0  
00041-007FF  1983  0  
00800-00FFF  1876  172  
01000-017FF     0  2048  
01800-01FFF     0  2048  



